2025-05-01 22:51:54,091 - __main__ - INFO - 正在启动 Django服务器...
2025-05-01 22:51:54,091 - __main__ - INFO - Django服务器 启动成功，PID: 21592
2025-05-01 22:51:56,099 - __main__ - INFO - 正在启动 实时数据采集...
2025-05-01 22:51:56,106 - __main__ - INFO - 实时数据采集 启动成功，PID: 5068
2025-05-01 22:51:58,107 - __main__ - INFO - 正在启动 凯利公式仓位管理...
2025-05-01 22:51:58,113 - __main__ - INFO - 凯利公式仓位管理 启动成功，PID: 24900
2025-05-01 22:52:00,115 - __main__ - INFO - 正在启动 同花顺自动交易...
2025-05-01 22:52:00,119 - __main__ - INFO - 同花顺自动交易 启动成功，PID: 23272
2025-05-01 22:52:02,122 - __main__ - INFO - 正在启动 热点新闻采集...
2025-05-01 22:52:02,127 - __main__ - INFO - 热点新闻采集 启动成功，PID: 38292
2025-05-01 22:52:04,137 - __main__ - INFO - 正在启动 技术指标分析...
2025-05-01 22:52:04,142 - __main__ - INFO - 技术指标分析 启动成功，PID: 22180
2025-05-01 22:52:06,147 - __main__ - INFO - 正在启动 股票分析决策...
2025-05-01 22:52:06,147 - __main__ - INFO - 股票分析决策 启动成功，PID: 18912
2025-05-01 22:52:08,154 - __main__ - INFO - 所有程序已启动完成！
2025-05-01 22:52:08,154 - __main__ - INFO - 按 Ctrl+C 可以停止所有程序
2025-05-01 22:53:55,059 - __main__ - INFO - 
正在停止所有程序...
2025-05-01 22:53:55,070 - __main__ - INFO - 已停止 Django服务器
2025-05-01 22:53:55,070 - __main__ - INFO - 已停止 实时数据采集
2025-05-01 22:53:55,070 - __main__ - INFO - 已停止 凯利公式仓位管理
2025-05-01 22:53:55,070 - __main__ - INFO - 已停止 同花顺自动交易
2025-05-01 22:53:55,070 - __main__ - INFO - 已停止 热点新闻采集
2025-05-01 22:53:55,070 - __main__ - INFO - 已停止 技术指标分析
2025-05-01 22:53:55,074 - __main__ - INFO - 已停止 股票分析决策
2025-05-01 22:53:55,074 - __main__ - INFO - 所有程序已停止
2025-05-01 22:56:49,933 - __main__ - INFO - 正在启动 Django服务器...
2025-05-01 22:56:49,933 - __main__ - INFO - Django服务器 启动成功，PID: 23028
2025-05-01 22:56:51,946 - __main__ - INFO - 正在启动 实时数据采集...
2025-05-01 22:56:51,950 - __main__ - INFO - 实时数据采集 启动成功，PID: 31692
2025-05-01 22:56:53,951 - __main__ - INFO - 正在启动 凯利公式仓位管理...
2025-05-01 22:56:53,959 - __main__ - INFO - 凯利公式仓位管理 启动成功，PID: 16868
2025-05-01 22:56:55,959 - __main__ - INFO - 正在启动 同花顺自动交易...
2025-05-01 22:56:55,968 - __main__ - INFO - 同花顺自动交易 启动成功，PID: 63124
2025-05-01 22:56:57,969 - __main__ - INFO - 正在启动 热点新闻采集...
2025-05-01 22:56:57,974 - __main__ - INFO - 热点新闻采集 启动成功，PID: 48624
2025-05-01 22:56:59,978 - __main__ - INFO - 正在启动 技术指标分析...
2025-05-01 22:56:59,985 - __main__ - INFO - 技术指标分析 启动成功，PID: 28600
2025-05-01 22:57:01,988 - __main__ - INFO - 正在启动 股票分析决策...
2025-05-01 22:57:01,997 - __main__ - INFO - 股票分析决策 启动成功，PID: 48444
2025-05-01 22:57:03,999 - __main__ - INFO - 所有程序已启动完成！
2025-05-01 22:57:03,999 - __main__ - INFO - 按 Ctrl+C 可以停止所有程序
2025-05-01 22:58:22,311 - __main__ - INFO - 
正在停止所有程序...
2025-05-01 22:58:22,311 - __main__ - INFO - 已停止 Django服务器
2025-05-01 22:58:22,311 - __main__ - INFO - 已停止 实时数据采集
2025-05-01 22:58:22,311 - __main__ - INFO - 已停止 凯利公式仓位管理
2025-05-01 22:58:22,311 - __main__ - INFO - 已停止 同花顺自动交易
2025-05-01 22:58:22,311 - __main__ - INFO - 已停止 热点新闻采集
2025-05-01 22:58:22,311 - __main__ - INFO - 已停止 技术指标分析
2025-05-01 22:58:22,311 - __main__ - INFO - 已停止 股票分析决策
2025-05-01 22:58:22,311 - __main__ - INFO - 所有程序已停止
2025-05-01 22:58:25,492 - __main__ - INFO - 正在启动 Django服务器...
2025-05-01 22:58:25,498 - __main__ - INFO - Django服务器 启动成功，PID: 49132
2025-05-01 22:58:27,499 - __main__ - INFO - 正在启动 实时数据采集...
2025-05-01 22:58:27,504 - __main__ - INFO - 实时数据采集 启动成功，PID: 42820
2025-05-01 22:58:29,506 - __main__ - INFO - 正在启动 凯利公式仓位管理...
2025-05-01 22:58:29,514 - __main__ - INFO - 凯利公式仓位管理 启动成功，PID: 35640
2025-05-01 22:58:31,514 - __main__ - INFO - 正在启动 同花顺自动交易...
2025-05-01 22:58:31,526 - __main__ - INFO - 同花顺自动交易 启动成功，PID: 31132
2025-05-01 22:58:33,527 - __main__ - INFO - 正在启动 热点新闻采集...
2025-05-01 22:58:33,538 - __main__ - INFO - 热点新闻采集 启动成功，PID: 40532
2025-05-01 22:58:35,539 - __main__ - INFO - 正在启动 技术指标分析...
2025-05-01 22:58:35,546 - __main__ - INFO - 技术指标分析 启动成功，PID: 24560
2025-05-01 22:58:37,547 - __main__ - INFO - 正在启动 股票分析决策...
2025-05-01 22:58:37,554 - __main__ - INFO - 股票分析决策 启动成功，PID: 43144
2025-05-01 22:58:39,555 - __main__ - INFO - 所有程序已启动完成！
2025-05-01 22:58:39,555 - __main__ - INFO - 按 Ctrl+C 可以停止所有程序
2025-05-01 22:58:54,863 - __main__ - INFO - 
正在停止所有程序...
2025-05-01 22:58:54,863 - __main__ - INFO - 已停止 Django服务器
2025-05-01 22:58:54,863 - __main__ - INFO - 已停止 实时数据采集
2025-05-01 22:58:54,863 - __main__ - INFO - 已停止 凯利公式仓位管理
2025-05-01 22:58:54,864 - __main__ - INFO - 已停止 同花顺自动交易
2025-05-01 22:58:54,864 - __main__ - INFO - 已停止 热点新闻采集
2025-05-01 22:58:54,864 - __main__ - INFO - 已停止 技术指标分析
2025-05-01 22:58:54,864 - __main__ - INFO - 已停止 股票分析决策
2025-05-01 22:58:54,864 - __main__ - INFO - 所有程序已停止
2025-05-01 22:59:06,722 - __main__ - INFO - 正在启动 Django服务器...
2025-05-01 22:59:06,727 - __main__ - INFO - Django服务器 启动成功，PID: 46964
2025-05-01 22:59:08,728 - __main__ - INFO - 正在启动 实时数据采集...
2025-05-01 22:59:08,733 - __main__ - INFO - 实时数据采集 启动成功，PID: 4172
2025-05-01 22:59:10,734 - __main__ - INFO - 正在启动 凯利公式仓位管理...
2025-05-01 22:59:10,746 - __main__ - INFO - 凯利公式仓位管理 启动成功，PID: 60492
2025-05-01 22:59:12,747 - __main__ - INFO - 正在启动 同花顺自动交易...
2025-05-01 22:59:12,757 - __main__ - INFO - 同花顺自动交易 启动成功，PID: 68484
2025-05-01 22:59:14,758 - __main__ - INFO - 正在启动 热点新闻采集...
2025-05-01 22:59:14,765 - __main__ - INFO - 热点新闻采集 启动成功，PID: 25816
2025-05-01 22:59:16,767 - __main__ - INFO - 正在启动 技术指标分析...
2025-05-01 22:59:16,780 - __main__ - INFO - 技术指标分析 启动成功，PID: 46556
2025-05-01 22:59:18,782 - __main__ - INFO - 正在启动 股票分析决策...
2025-05-01 22:59:18,794 - __main__ - INFO - 股票分析决策 启动成功，PID: 43500
2025-05-01 22:59:20,796 - __main__ - INFO - 所有程序已启动完成！
2025-05-01 22:59:20,796 - __main__ - INFO - 按 Ctrl+C 可以停止所有程序
2025-05-01 23:00:06,408 - __main__ - INFO - 
正在停止所有程序...
2025-05-01 23:00:06,408 - __main__ - INFO - 已停止 Django服务器
2025-05-01 23:00:06,408 - __main__ - INFO - 已停止 实时数据采集
2025-05-01 23:00:06,408 - __main__ - INFO - 已停止 凯利公式仓位管理
2025-05-01 23:00:06,408 - __main__ - INFO - 已停止 同花顺自动交易
2025-05-01 23:00:06,409 - __main__ - INFO - 已停止 热点新闻采集
2025-05-01 23:00:06,409 - __main__ - INFO - 已停止 技术指标分析
2025-05-01 23:00:06,410 - __main__ - INFO - 已停止 股票分析决策
2025-05-01 23:00:06,410 - __main__ - INFO - 所有程序已停止
